ARM GAS  /tmp/ccPB5V0e.s 			page 1


   1              		.cpu cortex-m0
   2              		.eabi_attribute 20, 1
   3              		.eabi_attribute 21, 1
   4              		.eabi_attribute 23, 3
   5              		.eabi_attribute 24, 1
   6              		.eabi_attribute 25, 1
   7              		.eabi_attribute 26, 1
   8              		.eabi_attribute 30, 1
   9              		.eabi_attribute 34, 0
  10              		.eabi_attribute 18, 4
  11              		.file	"stm32f0xx_hal_tim.c"
  12              		.text
  13              	.Ltext0:
  14              		.cfi_sections	.debug_frame
  15              	.Letext0:
  16              		.file 1 "/home/janhenrik/programme/gcc-arm-none-eabi-7-2018-q2-update/arm-none-eabi/include/machin
  17              		.file 2 "/home/janhenrik/programme/gcc-arm-none-eabi-7-2018-q2-update/arm-none-eabi/include/sys/_s
  18              		.file 3 "Drivers/CMSIS/Device/ST/STM32F0xx/Include/system_stm32f0xx.h"
  19              		.file 4 "Drivers/STM32F0xx_HAL_Driver/Inc/stm32f0xx_hal.h"
ARM GAS  /tmp/ccPB5V0e.s 			page 2


DEFINED SYMBOLS
                            *ABS*:0000000000000000 stm32f0xx_hal_tim.c

NO UNDEFINED SYMBOLS
